2024-02-11 21:02:43,840 - INFO - common - Loaded the yaml file from config\config.yaml
2024-02-11 21:02:43,842 - INFO - common - Loaded the yaml file from params.yaml
2024-02-11 21:02:43,843 - INFO - common - Created directory: artifacts
2024-02-11 21:02:43,845 - INFO - common - Created directory: artifacts/data_ingestion
2024-02-11 21:02:43,846 - INFO - 133138517 - Downloading data from https://drive.google.com/file/d/1K9K2PYnJiSMaWg5u_y8iGidPla-cVMQc/view?usp=sharing to artifacts/data_ingestion
2024-02-11 21:03:27,601 - INFO - 133138517 - Data downloaded to artifacts/data_ingestion
2024-02-11 21:03:27,603 - ERROR - 1728528364 - Error ingesting data: [Errno 2] No such file or directory: 'artifacts/data_ingestion/data.zip'
2024-02-11 21:16:10,338 - INFO - common - Loaded the yaml file from config\config.yaml
2024-02-11 21:16:10,340 - INFO - common - Loaded the yaml file from params.yaml
2024-02-11 21:16:10,341 - INFO - common - Created directory: artifacts
2024-02-11 21:16:10,343 - INFO - common - Created directory: artifacts/data_ingestion
2024-02-11 21:16:10,344 - INFO - 133138517 - Downloading data from https://drive.google.com/file/d/1K9K2PYnJiSMaWg5u_y8iGidPla-cVMQc/view?usp=sharing to artifacts/data_ingestion
2024-02-11 21:17:08,911 - INFO - 133138517 - Data downloaded to artifacts/data_ingestion
2024-02-11 21:17:08,913 - ERROR - 1728528364 - Error ingesting data: [Errno 2] No such file or directory: 'artifacts/data_ingestion/data.zip'
2024-02-11 21:24:18,425 - INFO - common - Loaded the yaml file from config\config.yaml
2024-02-11 21:24:18,427 - INFO - common - Loaded the yaml file from params.yaml
2024-02-11 21:24:18,429 - INFO - common - Created directory: artifacts
2024-02-11 21:24:18,431 - INFO - common - Created directory: artifacts/data_ingestion
2024-02-11 21:24:18,433 - INFO - 2983733224 - Downloading data from https://drive.google.com/file/d/1K9K2PYnJiSMaWg5u_y8iGidPla-cVMQc/view?usp=sharing to artifacts/data_ingestion
2024-02-11 21:25:20,588 - INFO - 2983733224 - Data downloaded to artifacts/data_ingestion
2024-02-11 21:25:20,589 - ERROR - 1728528364 - Error ingesting data: unsupported operand type(s) for +: 'DataIngestionConfig' and 'str'
2024-02-11 21:25:58,972 - INFO - common - Loaded the yaml file from config\config.yaml
2024-02-11 21:25:58,974 - INFO - common - Loaded the yaml file from params.yaml
2024-02-11 21:25:58,976 - INFO - common - Created directory: artifacts
2024-02-11 21:25:58,978 - INFO - common - Created directory: artifacts/data_ingestion
2024-02-11 21:25:58,979 - INFO - 133138517 - Downloading data from https://drive.google.com/file/d/1K9K2PYnJiSMaWg5u_y8iGidPla-cVMQc/view?usp=sharing to artifacts/data_ingestion
2024-02-11 21:26:43,015 - INFO - 133138517 - Data downloaded to artifacts/data_ingestion
2024-02-11 21:26:43,016 - ERROR - 1728528364 - Error ingesting data: [Errno 2] No such file or directory: 'artifacts/data_ingestion/data.zip'
2024-02-11 21:29:42,103 - INFO - common - Loaded the yaml file from config\config.yaml
2024-02-11 21:29:42,108 - INFO - common - Loaded the yaml file from params.yaml
2024-02-11 21:29:42,109 - INFO - common - Created directory: artifacts
2024-02-11 21:29:42,111 - INFO - common - Created directory: artifacts/data_ingestion
2024-02-11 21:29:42,112 - INFO - 133138517 - Downloading data from https://drive.google.com/file/d/1K9K2PYnJiSMaWg5u_y8iGidPla-cVMQc/view?usp=sharing to artifacts/data_ingestion
2024-02-11 21:30:27,134 - INFO - 133138517 - Data downloaded to artifacts/data_ingestion
2024-02-11 21:30:27,135 - ERROR - 1728528364 - Error ingesting data: [Errno 2] No such file or directory: 'artifacts/data_ingestion/data.zip'
2024-02-11 21:37:12,334 - INFO - common - Loaded the yaml file from config\config.yaml
2024-02-11 21:37:12,336 - INFO - common - Loaded the yaml file from params.yaml
2024-02-11 21:37:12,338 - INFO - common - Created directory: artifacts
2024-02-11 21:37:12,339 - INFO - common - Created directory: artifacts/data_ingestion
2024-02-11 21:37:12,340 - INFO - 2684102549 - Downloading data from https://drive.google.com/file/d/1K9K2PYnJiSMaWg5u_y8iGidPla-cVMQc/view?usp=sharing to artifacts/data_ingestion
2024-02-11 21:37:57,335 - INFO - 2684102549 - Data downloaded to artifacts/data_ingestion
